<?xml version="1.0" encoding="UTF-8"?>
<testsuite xmlns:xsi="http://www.w3.org/2001/XMLSchema-instance" xsi:noNamespaceSchemaLocation="https://maven.apache.org/surefire/maven-surefire-plugin/xsd/surefire-test-report-3.0.xsd" version="3.0" name="reqres.TestPost" time="4.267" tests="2" errors="0" skipped="0" failures="0">
  <properties>
[...]
</properties>
  <testcase name="unSuccessRegisterUser" classname="reqres.TestPost" time="3.904">
    <system-out><![CDATA[Request method:	POST
Request URI:	https://reqres.in/api/register
Proxy:			<none>
Request params:	<none>
Query params:	<none>
Form params:	<none>
Path params:	<none>
Headers:		Accept=*/*
				Content-Type=application/json
Cookies:		<none>
Multiparts:		<none>
Body:
{
    "password": null,
    "email": null
}
HTTP/1.1 400 Bad Request
Date: Fri, 05 May 2023 14:21:36 GMT
Content-Type: application/json; charset=utf-8
Content-Length: 37
Connection: keep-alive
X-Powered-By: Express
Access-Control-Allow-Origin: *
Etag: W/"25-Ik70kof1lbc973ShN5FoVPxYn7A"
Via: 1.1 vegur
CF-Cache-Status: DYNAMIC
Report-To: {"endpoints":[{"url":"https:\/\/a.nel.cloudflare.com\/report\/v3?s=vOVwbaWIHji4Wmd%2BfyjJmR6vjl6yBLJLKUUR7EjIffqPB7RuyrwfSPnL%2FUJ4hD%2F8TA2jT91LbPOOcue3uFnd5cx1tKFpAUHSafRHRi8a8W18XmHjejcCiP8FuA%3D%3D"}],"group":"cf-nel","max_age":604800}
NEL: {"success_fraction":0,"report_to":"cf-nel","max_age":604800}
Server: cloudflare
CF-RAY: 7c29a1813b9c4979-DME

{
    "error": "Missing email or username"
}
]]></system-out>
  </testcase>
  <testcase name="successRegisterUser" classname="reqres.TestPost" time="0.352">
    <system-out><![CDATA[Request method:	POST
Request URI:	https://reqres.in/api/register
Proxy:			<none>
Request params:	<none>
Query params:	<none>
Form params:	<none>
Path params:	<none>
Headers:		Accept=*/*
				Content-Type=application/json
Cookies:		<none>
Multiparts:		<none>
Body:
{
    "password": "12345",
    "email": "george.bluth@reqres.in"
}
HTTP/1.1 200 OK
Date: Fri, 05 May 2023 14:21:38 GMT
Content-Type: application/json; charset=utf-8
Content-Length: 36
Connection: keep-alive
X-Powered-By: Express
Access-Control-Allow-Origin: *
Etag: W/"24-JcRj48oECRihPfR4LQyKB23PLEU"
Via: 1.1 vegur
CF-Cache-Status: DYNAMIC
Report-To: {"endpoints":[{"url":"https:\/\/a.nel.cloudflare.com\/report\/v3?s=5psRpqCCLBoolmrLeP9GUqNHdVC5tbyXtZWrdZx%2ByeCqmKP8JgiFpGjZOZqRgEQFad%2BOOaHZIrOjjxKj2FqiHBV%2BQsiWmwnU4siDXAvxBr640n6W7cjqJYjKoA%3D%3D"}],"group":"cf-nel","max_age":604800}
NEL: {"success_fraction":0,"report_to":"cf-nel","max_age":604800}
Server: cloudflare
CF-RAY: 7c29a18b0f557b73-DME

{
    "id": 1,
    "token": "QpwL5tke4Pnpja7X1"
}
]]></system-out>
  </testcase>
</testsuite>