<?xml version="1.0" encoding="UTF-8"?>
<testsuite xmlns:xsi="http://www.w3.org/2001/XMLSchema-instance" xsi:noNamespaceSchemaLocation="https://maven.apache.org/surefire/maven-surefire-plugin/xsd/surefire-test-report-3.0.xsd" version="3.0" name="reqres.TestGet" time="0.889" tests="2" errors="0" skipped="0" failures="0">
  <properties>
[...]
</properties>
  <testcase name="unSuccessUpdateUser(String)[1]" classname="reqres.TestGet" time="0.532">
    <system-out><![CDATA[Request method:	GET
Request URI:	https://reqres.in/api/users/50
Proxy:			<none>
Request params:	<none>
Query params:	<none>
Form params:	<none>
Path params:	<none>
Headers:		Accept=*/*
				Content-Type=application/json
Cookies:		<none>
Multiparts:		<none>
Body:			<none>
HTTP/1.1 404 Not Found
Date: Fri, 05 May 2023 14:21:33 GMT
Content-Type: application/json; charset=utf-8
Content-Length: 2
Connection: keep-alive
X-Powered-By: Express
Access-Control-Allow-Origin: *
Etag: W/"2-vyGp6PvFo4RvsFtPoIWeCReyIC8"
Via: 1.1 vegur
Cache-Control: max-age=14400
CF-Cache-Status: EXPIRED
Report-To: {"endpoints":[{"url":"https:\/\/a.nel.cloudflare.com\/report\/v3?s=f1EBQ4me2JOmO6iIXWtX6jPaUv7I6K2drIQ6RC1SARD3fPojZy2aVYzkEqg%2FYkuuh0jajHTtmqLNsnZcNWAkbL95w0wAmd08limoP4xCYmWWo1fSbp3hU3hXig%3D%3D"}],"group":"cf-nel","max_age":604800}
NEL: {"success_fraction":0,"report_to":"cf-nel","max_age":604800}
Vary: Accept-Encoding
Server: cloudflare
CF-RAY: 7c29a16d2d3a7a64-DME

{
    
}
]]></system-out>
  </testcase>
  <testcase name="successUpdateUser(String)[1]" classname="reqres.TestGet" time="0.332">
    <system-out><![CDATA[Request method:	GET
Request URI:	https://reqres.in/api/users/5
Proxy:			<none>
Request params:	<none>
Query params:	<none>
Form params:	<none>
Path params:	<none>
Headers:		Accept=*/*
				Content-Type=application/json
Cookies:		<none>
Multiparts:		<none>
Body:			<none>
HTTP/1.1 200 OK
Date: Fri, 05 May 2023 14:21:34 GMT
Content-Type: application/json; charset=utf-8
Transfer-Encoding: chunked
Connection: keep-alive
X-Powered-By: Express
Access-Control-Allow-Origin: *
Etag: W/"11c-fbAvBCQSZgUU6dvLRqxYG0dwUTM"
Via: 1.1 vegur
Cache-Control: max-age=14400
CF-Cache-Status: REVALIDATED
Report-To: {"endpoints":[{"url":"https:\/\/a.nel.cloudflare.com\/report\/v3?s=JlCHmW4IMdNZSETmke%2B%2FpHkcBDU9bP2vkVwr1R98JiNl%2BkrnyIzBxF5mBDJ1VDXII7HykbWnt74zfoMMp4gq77x0OIAvpNyZITpjg0WTm%2FJm09FZXOG7X1n87w%3D%3D"}],"group":"cf-nel","max_age":604800}
NEL: {"success_fraction":0,"report_to":"cf-nel","max_age":604800}
Vary: Accept-Encoding
Server: cloudflare
CF-RAY: 7c29a1707879498d-DME
Content-Encoding: gzip

{
    "data": {
        "id": 5,
        "email": "charles.morris@reqres.in",
        "first_name": "Charles",
        "last_name": "Morris",
        "avatar": "https://reqres.in/img/faces/5-image.jpg"
    },
    "support": {
        "url": "https://reqres.in/#support-heading",
        "text": "To keep ReqRes free, contributions towards server costs are appreciated!"
    }
}
]]></system-out>
  </testcase>
</testsuite>